
Gurobi 11.0.1 (mac64[rosetta2]) logging started Thu Mar 28 09:49:42 2024

Set parameter LogFile to value "/Users/zeyichen/Desktop/FYP/FYP Draft/Code/logfile.log"
Gurobi Optimizer version 11.0.1 build v11.0.1rc0 (mac64[rosetta2] - Darwin 21.6.0 21G531)

CPU model: Apple M1 Pro
Thread count: 10 physical cores, 10 logical processors, using up to 10 threads

Optimize a model with 0 rows, 14 columns and 0 nonzeros
Model fingerprint: 0x3a0da7ec
Model has 12 quadratic objective terms
Model has 2 quadratic constraints
Coefficient statistics:
  Matrix range     [0e+00, 0e+00]
  QMatrix range    [5e-01, 1e+00]
  QLMatrix range   [1e+00, 4e+00]
  Objective range  [3e-01, 4e+00]
  QObjective range [1e+00, 1e+00]
  Bounds range     [0e+00, 0e+00]
  RHS range        [0e+00, 0e+00]
Presolve time: 0.02s
Presolved: 17 rows, 32 columns, 58 nonzeros
Presolved model has 3 second-order cone constraints
Ordering time: 0.00s

Barrier statistics:
 Free vars  : 2
 AA' NZ     : 1.190e+02
 Factor NZ  : 1.530e+02
 Factor Ops : 1.785e+03 (less than 1 second per iteration)
 Threads    : 1

                  Objective                Residual
Iter       Primal          Dual         Primal    Dual     Compl     Time
   0   7.35000000e+01  7.35000000e+01  9.90e-03 2.01e+01  9.57e-01     0s
   1   7.25890034e+01  7.31334663e+01  1.09e-08 8.88e+00  4.06e-01     0s
   2   6.61988795e+01  6.92907755e+01  2.12e-10 5.16e+00  2.35e-01     0s
   3   5.84725545e+01  5.32606843e+01  1.39e-10 1.01e+00  2.83e-01     0s
   4   4.54318668e+01  3.15264635e+01  6.46e-11 3.20e-03  4.65e-01     0s
   5   3.65701006e+01  3.27839809e+01  6.90e-10 2.41e-03  1.29e-01     0s
   6   3.36047424e+01  3.31449947e+01  4.00e-10 1.13e-07  1.53e-02     0s
   7   3.31951117e+01  3.31937747e+01  4.43e-12 1.12e-08  4.46e-05     0s
   8   3.31944452e+01  3.31944437e+01  6.69e-12 9.61e-10  5.14e-08     0s

Barrier solved model in 8 iterations and 0.05 seconds (0.00 work units)
Optimal objective 3.31944452e+01


Gurobi 11.0.1 (mac64[rosetta2]) logging started Thu Mar 28 12:38:04 2024

Set parameter LogFile to value "/Users/zeyichen/Desktop/FYP/FYP Draft/Code/logfile.log"

Gurobi 11.0.1 (mac64[rosetta2]) logging started Thu Mar 28 12:38:25 2024

Set parameter LogFile to value "/Users/zeyichen/Desktop/FYP/FYP Draft/Code/logfile.log"
Gurobi Optimizer version 11.0.1 build v11.0.1rc0 (mac64[rosetta2] - Darwin 21.6.0 21G531)

CPU model: Apple M1 Pro
Thread count: 10 physical cores, 10 logical processors, using up to 10 threads

Optimize a model with 0 rows, 25 columns and 0 nonzeros
Model fingerprint: 0xff4c48cd
Model has 20 quadratic objective terms
Model has 20 quadratic constraints
Coefficient statistics:
  Matrix range     [0e+00, 0e+00]
  QMatrix range    [5e-02, 1e-01]
  QLMatrix range   [1e+00, 9e+00]
  Objective range  [1e+00, 3e+00]
  QObjective range [4e-01, 4e-01]
  Bounds range     [0e+00, 0e+00]
  RHS range        [0e+00, 0e+00]
Presolve time: 0.02s
Presolved: 121 rows, 147 columns, 404 nonzeros
Presolved model has 21 second-order cone constraints
Ordering time: 0.00s

Barrier statistics:
 Free vars  : 5
 AA' NZ     : 5.150e+03
 Factor NZ  : 5.271e+03
 Factor Ops : 3.493e+05 (less than 1 second per iteration)
 Threads    : 1

                  Objective                Residual
Iter       Primal          Dual         Primal    Dual     Compl     Time
   0   1.39774000e+02  1.39774000e+02  9.90e-03 2.95e+01  1.25e-01     0s
   1   1.26708322e+02  1.39179941e+02  4.62e-03 2.66e+01  1.11e-01     0s
   2   1.23164491e+02  1.38394713e+02  3.90e-03 2.49e+01  1.27e-01     0s
   3   1.12628088e+02  6.93059238e+01  3.84e-03 1.54e+01  4.98e-01     0s
   4   3.78335980e+01  4.36362484e+01  1.03e-08 1.35e+00  4.78e-02     0s
   5   3.72066774e+01  2.74177709e+01  9.94e-10 1.23e-01  7.75e-02     0s
   6   2.96922539e+01  2.89915612e+01  1.02e-10 1.37e-06  4.93e-03     0s
   7   2.95629649e+01  2.95193740e+01  9.95e-12 1.85e-07  3.07e-04     0s
   8   2.95548331e+01  2.95547601e+01  5.88e-12 2.51e-09  5.14e-07     0s

Barrier solved model in 8 iterations and 0.09 seconds (0.00 work units)
Optimal objective 2.95548331e+01


Gurobi 11.0.1 (mac64[rosetta2]) logging started Thu Mar 28 12:40:48 2024

Set parameter LogFile to value "/Users/zeyichen/Desktop/FYP/FYP Draft/Code/logfile.log"

Gurobi 11.0.1 (mac64[rosetta2]) logging started Thu Mar 28 12:45:30 2024

Set parameter LogFile to value "/Users/zeyichen/Desktop/FYP/FYP Draft/Code/logfile.log"

Gurobi 11.0.1 (mac64[rosetta2]) logging started Thu Mar 28 12:46:14 2024

Set parameter LogFile to value "/Users/zeyichen/Desktop/FYP/FYP Draft/Code/logfile.log"
Gurobi Optimizer version 11.0.1 build v11.0.1rc0 (mac64[rosetta2] - Darwin 21.6.0 21G531)

CPU model: Apple M1 Pro
Thread count: 10 physical cores, 10 logical processors, using up to 10 threads

Optimize a model with 0 rows, 50 columns and 0 nonzeros
Model fingerprint: 0xcd953191
Model has 40 quadratic objective terms
Model has 90 quadratic constraints
Coefficient statistics:
  Matrix range     [0e+00, 0e+00]
  QMatrix range    [5e-02, 1e-01]
  QLMatrix range   [1e+00, 8e+00]
  Objective range  [7e-01, 9e-01]
  QObjective range [2e-01, 2e-01]
  Bounds range     [0e+00, 0e+00]
  RHS range        [0e+00, 0e+00]
Presolve time: 0.03s
Presolved: 541 rows, 592 columns, 1852 nonzeros
Presolved model has 91 second-order cone constraints
Ordering time: 0.00s

Barrier statistics:
 Free vars  : 10
 AA' NZ     : 1.019e+05
 Factor NZ  : 1.025e+05 (roughly 1 MB of memory)
 Factor Ops : 3.068e+07 (less than 1 second per iteration)
 Threads    : 10

                  Objective                Residual
Iter       Primal          Dual         Primal    Dual     Compl     Time
   0   9.09650000e+01  9.09650000e+01  9.90e-03 2.04e+01  1.77e-02     0s
   1   8.15603538e+01  9.00723956e+01  9.52e-03 1.91e+01  1.78e-02     0s
   2   9.21280265e+01  8.94343620e+01  9.00e-03 1.75e+01  2.20e-02     0s
   3   6.15608889e+01  6.84730447e+01  8.51e-03 1.50e+01  4.74e-02     0s
   4   4.99414120e+01  6.36328032e+01  1.39e-03 6.96e+00  1.43e-02     0s
   5   3.70680446e+01  3.81966741e+01  5.51e-09 1.61e+00  1.38e-02     0s
   6   3.39793658e+01  3.29414542e+01  8.52e-10 2.64e-02  2.07e-03     0s
   7   3.36723230e+01  3.36244192e+01  9.82e-11 3.53e-04  8.61e-05     0s
   8   3.36340598e+01  3.36339687e+01  1.05e-11 9.41e-09  1.56e-07     0s
   9   3.36340008e+01  3.36339997e+01  2.25e-11 4.44e-10  1.90e-09     0s

Barrier solved model in 9 iterations and 0.38 seconds (0.01 work units)
Optimal objective 3.36340008e+01


Gurobi 11.0.1 (mac64[rosetta2]) logging started Thu Mar 28 12:46:23 2024

Set parameter LogFile to value "/Users/zeyichen/Desktop/FYP/FYP Draft/Code/logfile.log"
Gurobi Optimizer version 11.0.1 build v11.0.1rc0 (mac64[rosetta2] - Darwin 21.6.0 21G531)

CPU model: Apple M1 Pro
Thread count: 10 physical cores, 10 logical processors, using up to 10 threads

Optimize a model with 0 rows, 50 columns and 0 nonzeros
Model fingerprint: 0x6ac79ffa
Model has 40 quadratic objective terms
Model has 90 quadratic constraints
Coefficient statistics:
  Matrix range     [0e+00, 0e+00]
  QMatrix range    [5e-02, 1e-01]
  QLMatrix range   [1e+00, 9e+00]
  Objective range  [7e-01, 1e+00]
  QObjective range [2e-01, 2e-01]
  Bounds range     [0e+00, 0e+00]
  RHS range        [0e+00, 0e+00]
Presolve time: 0.02s
Presolved: 541 rows, 592 columns, 1844 nonzeros
Presolved model has 91 second-order cone constraints
Ordering time: 0.00s

Barrier statistics:
 Free vars  : 10
 AA' NZ     : 1.019e+05
 Factor NZ  : 1.025e+05 (roughly 1 MB of memory)
 Factor Ops : 3.068e+07 (less than 1 second per iteration)
 Threads    : 10

                  Objective                Residual
Iter       Primal          Dual         Primal    Dual     Compl     Time
   0   1.02190400e+02  1.02190400e+02  9.90e-03 2.07e+01  2.02e-02     0s
   1   9.06027176e+01  1.01341336e+02  9.44e-03 1.95e+01  2.03e-02     0s
   2   1.12424319e+02  1.00564146e+02  9.03e-03 1.78e+01  2.57e-02     0s
   3   7.24649327e+01  6.44923298e+01  8.18e-03 1.54e+01  7.47e-02     0s
   4   3.95470591e+01  5.86253382e+01  1.23e-08 5.07e+00  1.58e-02     0s
   5   3.40527446e+01  3.04274627e+01  2.45e-09 7.33e-02  7.19e-03     0s
   6   3.31909016e+01  3.30136570e+01  3.34e-10 1.07e-03  3.18e-04     0s
   7   3.30571935e+01  3.30486549e+01  1.82e-11 2.40e-05  1.50e-05     0s
   8   3.30500586e+01  3.30493223e+01  2.24e-11 1.75e-06  1.29e-06     0s
   9   3.30494221e+01  3.30493909e+01  1.32e-10 5.67e-08  5.43e-08     0s

Barrier solved model in 9 iterations and 0.28 seconds (0.01 work units)
Optimal objective 3.30494221e+01


Gurobi 11.0.1 (mac64[rosetta2]) logging started Thu Mar 28 12:47:36 2024

Set parameter LogFile to value "/Users/zeyichen/Desktop/FYP/FYP Draft/Code/logfile.log"
Gurobi Optimizer version 11.0.1 build v11.0.1rc0 (mac64[rosetta2] - Darwin 21.6.0 21G531)

CPU model: Apple M1 Pro
Thread count: 10 physical cores, 10 logical processors, using up to 10 threads

Optimize a model with 0 rows, 50 columns and 0 nonzeros
Model fingerprint: 0xd1172af0
Model has 40 quadratic objective terms
Model has 90 quadratic constraints
Coefficient statistics:
  Matrix range     [0e+00, 0e+00]
  QMatrix range    [5e-04, 1e-03]
  QLMatrix range   [1e+00, 9e+01]
  Objective range  [7e+00, 1e+01]
  QObjective range [2e-01, 2e-01]
  Bounds range     [0e+00, 0e+00]
  RHS range        [0e+00, 0e+00]
Presolve time: 0.02s
Presolved: 541 rows, 592 columns, 1886 nonzeros
Presolved model has 91 second-order cone constraints
Ordering time: 0.00s

Barrier statistics:
 Free vars  : 10
 AA' NZ     : 1.019e+05
 Factor NZ  : 1.025e+05 (roughly 1 MB of memory)
 Factor Ops : 3.068e+07 (less than 1 second per iteration)
 Threads    : 10

                  Objective                Residual
Iter       Primal          Dual         Primal    Dual     Compl     Time
   0   1.11021364e+04  1.11021364e+04  9.90e-03 2.64e+02  4.03e-02     0s
   1   1.03457675e+04  1.10724242e+04  9.38e-03 2.54e+02  1.13e-01     0s
   2   9.82447803e+03  1.10298711e+04  8.95e-03 2.37e+02  5.67e-02     0s
   3   9.52043508e+03  1.09924171e+04  8.62e-03 2.30e+02  4.38e-02     0s
   4   9.25233725e+03  1.09608824e+04  8.39e-03 2.26e+02  3.67e-02     0s
   5   9.69556375e+03  1.08441032e+04  7.97e-03 2.17e+02  2.55e-01     0s
   6   8.33179389e+03  1.07821097e+04  7.27e-03 2.09e+02  1.26e-01     0s
   7   7.77793284e+03  1.05958281e+04  7.09e-03 1.93e+02  5.09e-02     0s
   8   7.28008687e+03  1.04091244e+04  6.49e-03 1.82e+02  1.14e-01     0s
   9   7.07948955e+03  9.12043686e+03  6.33e-03 1.44e+02  1.12e+00     0s
  10   4.88651126e+03  8.43275629e+03  3.69e-07 1.07e+02  2.99e-01     0s
  11   5.15279009e+03  6.02514136e+03  2.10e-07 6.10e+01  3.02e+00     0s
  12   5.22666710e+03  3.94204543e+03  1.19e-07 3.35e+01  5.13e+00     0s
  13   4.44029760e+03  3.30525765e+03  5.98e-08 1.84e+01  3.84e+00     0s
  14   3.56997938e+03  3.13302876e+03  1.60e-08 5.83e+00  1.40e+00     1s
  15   3.16747720e+03  3.11861173e+03  3.31e-09 5.41e-01  1.46e-01     1s
  16   3.12496934e+03  3.12363533e+03  4.13e-10 1.42e-02  3.92e-03     1s
  17   3.12385698e+03  3.12381804e+03  1.22e-10 4.13e-04  1.14e-04     1s
  18   3.12382706e+03  3.12382297e+03  5.88e-10 3.98e-05  1.16e-05     1s
  19   3.12382390e+03  3.12382345e+03  6.58e-11 4.03e-06  1.24e-06     1s
  20   3.12382355e+03  3.12382349e+03  1.37e-11 4.27e-07  1.37e-07     1s

Barrier solved model in 20 iterations and 0.64 seconds (0.02 work units)
Optimal objective 3.12382355e+03


Gurobi 11.0.1 (mac64[rosetta2]) logging started Thu Mar 28 12:54:38 2024

Set parameter LogFile to value "/Users/zeyichen/Desktop/FYP/FYP Draft/Code/logfile.log"
Gurobi Optimizer version 11.0.1 build v11.0.1rc0 (mac64[rosetta2] - Darwin 21.6.0 21G531)

CPU model: Apple M1 Pro
Thread count: 10 physical cores, 10 logical processors, using up to 10 threads

Optimize a model with 0 rows, 500 columns and 0 nonzeros
Model fingerprint: 0xe18db185
Model has 400 quadratic objective terms
Model has 9900 quadratic constraints
Coefficient statistics:
  Matrix range     [0e+00, 0e+00]
  QMatrix range    [5e-04, 1e-03]
  QLMatrix range   [1e+00, 1e+02]
  Objective range  [2e-01, 2e+02]
  QObjective range [2e+00, 2e+00]
  Bounds range     [0e+00, 0e+00]
  RHS range        [0e+00, 0e+00]
Presolve time: 0.25s
Presolved: 59401 rows, 59902 columns, 207492 nonzeros
Presolved model has 9901 second-order cone constraints
Ordering time: 0.14s

Barrier statistics:
 Dense cols : 501
 Free vars  : 100
 AA' NZ     : 3.362e+05
 Factor NZ  : 9.871e+05 (roughly 60 MB of memory)
 Factor Ops : 5.470e+07 (roughly 6 seconds per iteration)
 Threads    : 10

                  Objective                Residual
Iter       Primal          Dual         Primal    Dual     Compl     Time
   0   1.08092488e+06  1.08092488e+06  9.90e-03 4.26e+02  5.07e-02    55s
   1   1.07630927e+06  1.08092357e+06  9.85e-03 4.25e+02  5.07e-02    97s
   2   1.08233244e+06  1.08088392e+06  9.85e-03 4.25e+02  5.14e-02   141s
   3   1.06644587e+06  1.08089343e+06  9.76e-03 4.24e+02  5.17e-02   185s
   4   1.09458608e+06  1.08062107e+06  9.59e-03 4.18e+02  6.10e-02   228s
   5   1.04539558e+06  1.08005721e+06  9.48e-03 4.10e+02  5.27e-02   271s
   6   9.43731428e+05  1.07676669e+06  6.46e-03 4.01e+02  7.55e-01   315s
   7   1.31360893e+06  9.87984710e+05  5.53e-03 3.43e+02  3.78e+00   357s
   8   1.28186007e+06  8.28690925e+05  3.66e-03 2.32e+02  7.63e+00   402s
   9   9.62387558e+05  7.75157510e+05  2.74e-03 1.83e+02  6.21e+00   447s
  10   7.20406689e+05  6.49397364e+05  1.68e-03 1.28e+02  7.74e+00   495s
  11   6.50014969e+05  5.57464654e+05  9.21e-04 9.06e+01  6.63e+00   539s
  12   4.53371127e+05  4.24521097e+05  3.08e-04 3.79e+01  2.83e+00   584s
  13   4.19654911e+05  4.11457779e+05  2.53e-04 3.22e+01  2.24e+00   628s
  14   4.06912849e+05  4.02632374e+05  2.30e-04 2.85e+01  1.98e+00   674s
  15   3.96491076e+05  3.97285675e+05  2.13e-04 2.62e+01  1.80e+00   718s
  16   3.85382417e+05  3.93729585e+05  1.96e-04 2.48e+01  1.66e+00   761s

Barrier performed 16 iterations in 795.98 seconds (305.09 work units)
Optimization interrupted


Gurobi 11.0.1 (mac64[rosetta2]) logging started Thu Mar 28 13:09:22 2024

Set parameter LogFile to value "/Users/zeyichen/Desktop/FYP/FYP Draft/Code/logfile.log"
Gurobi Optimizer version 11.0.1 build v11.0.1rc0 (mac64[rosetta2] - Darwin 21.6.0 21G531)

CPU model: Apple M1 Pro
Thread count: 10 physical cores, 10 logical processors, using up to 10 threads

Optimize a model with 0 rows, 100 columns and 0 nonzeros
Model fingerprint: 0xe7b06851
Model has 80 quadratic objective terms
Model has 380 quadratic constraints
Coefficient statistics:
  Matrix range     [0e+00, 0e+00]
  QMatrix range    [5e-04, 1e-03]
  QLMatrix range   [1e+00, 9e+01]
  Objective range  [2e+00, 2e+02]
  QObjective range [2e+00, 2e+00]
  Bounds range     [0e+00, 0e+00]
  RHS range        [0e+00, 0e+00]
Presolve time: 0.03s
Presolved: 2281 rows, 2382 columns, 7960 nonzeros
Presolved model has 381 second-order cone constraints
Ordering time: 0.10s

Barrier statistics:
 Dense cols : 1
 Free vars  : 20
 AA' NZ     : 1.324e+05
 Factor NZ  : 1.261e+06 (roughly 12 MB of memory)
 Factor Ops : 1.075e+09 (less than 1 second per iteration)
 Threads    : 10

                  Objective                Residual
Iter       Primal          Dual         Primal    Dual     Compl     Time
   0   2.05197720e+05  2.05197720e+05  9.90e-03 4.08e+02  1.58e-01     0s
   1   1.98744020e+05  2.05197419e+05  8.77e-03 4.06e+02  2.44e-01     0s
   2   2.04144526e+05  1.91747080e+05  8.76e-03 3.08e+02  5.82e+00     0s
   3   1.50287035e+05  1.92047423e+05  2.95e-04 2.49e+02  7.64e-01     1s
   4   9.97663176e+04  1.59148654e+05  8.29e-05 1.45e+02  2.69e+00     1s
   5   7.34497188e+04  1.31206400e+05  9.10e-06 8.83e+01  5.36e+00     1s
   6   6.90091957e+04  1.24917742e+05  5.48e-06 7.94e+01  6.95e+00     1s
   7   6.63720909e+04  1.21187485e+05  4.71e-06 7.41e+01  6.74e+00     1s
   8   5.80036206e+04  1.15746665e+05  2.65e-06 6.72e+01  6.76e+00     1s
   9   5.37084216e+04  1.01595345e+05  1.02e-06 5.09e+01  5.83e+00     1s
  10   5.03397266e+04  9.61083237e+04  5.72e-07 4.51e+01  6.01e+00     2s
  11   4.66771903e+04  8.32047695e+04  2.79e-07 3.29e+01  5.38e+00     2s
  12   4.37189151e+04  7.70034671e+04  1.89e-07 2.74e+01  4.63e+00     2s
  13   4.16538479e+04  6.94231396e+04  1.26e-07 2.12e+01  4.14e+00     2s
  14   3.95550354e+04  6.05410875e+04  9.07e-08 1.50e+01  3.43e+00     2s
  15   3.87865879e+04  5.36494292e+04  8.02e-08 1.04e+01  2.52e+00     3s
  16   3.81032825e+04  4.58998348e+04  5.93e-08 5.49e+00  1.57e+00     3s
  17   3.75505274e+04  4.31777901e+04  1.62e-08 3.76e+00  1.06e+00     3s
  18   3.72370336e+04  3.86054821e+04  2.04e-08 8.13e-01  1.95e-01     3s
  19   3.71940296e+04  3.74734463e+04  4.54e-09 1.60e-01  3.52e-02     3s
  20   3.71835098e+04  3.72075741e+04  9.66e-09 1.38e-02  3.17e-03     3s
  21   3.71817628e+04  3.71875384e+04  1.37e-09 4.19e-03  1.61e-03     3s
  22   3.71793614e+04  3.71806449e+04  6.35e-08 9.19e-04  3.50e-04     3s
  23   3.71787434e+04  3.71787318e+04  3.44e-08 1.40e-04  5.73e-06     3s
  24   3.71787420e+04  3.71787383e+04  4.46e-09 2.42e-04  1.84e-06     4s
  25   3.71787380e+04  3.71787383e+04  4.04e-06 6.75e-04  1.53e-06     4s
  26   3.71787392e+04  3.71787383e+04  2.57e-06 1.04e-03  1.52e-06     4s
  27   3.71787401e+04  3.71787385e+04  1.41e-06 1.71e-03  1.45e-06     5s
  28   3.71787407e+04  3.71787395e+04  7.64e-07 1.72e-03  9.35e-07     5s
  29   3.71787410e+04  3.71787395e+04  2.91e-07 3.43e-03  9.29e-07     5s
  30   3.71787411e+04  3.71787395e+04  1.63e-07 4.25e-03  9.11e-07     6s
  31   3.71787412e+04  3.71787395e+04  1.14e-07 6.43e-03  9.06e-07     6s
  32   3.71787412e+04  3.71787395e+04  2.73e-08 1.71e-03  8.91e-07     6s
  33   3.71787406e+04  3.71787395e+04  8.75e-07 3.25e-03  8.90e-07     7s
  34   3.71787406e+04  3.71787395e+04  7.72e-07 4.98e-03  8.90e-07     7s
  35   3.71787408e+04  3.71787395e+04  5.88e-07 1.63e-03  8.88e-07     7s
  36   3.71787411e+04  3.71787395e+04  2.53e-07 1.50e-03  8.88e-07     8s
  37   3.71787427e+04  3.71787395e+04  1.71e-06 2.22e-03  8.88e-07     8s
  38   3.71787416e+04  3.71787395e+04  4.43e-07 3.90e-03  8.88e-07     8s
  39   3.71787415e+04  3.71787395e+04  2.90e-07 1.84e-03  8.87e-07     9s
  40   3.71787416e+04  3.71787395e+04  4.63e-07 4.12e-04  8.87e-07     9s

Barrier solved model in 40 iterations and 8.84 seconds (1.64 work units)
Optimal objective 3.71787416e+04


Gurobi 11.0.1 (mac64[rosetta2]) logging started Thu Mar 28 16:04:40 2024

Set parameter LogFile to value "/Users/zeyichen/Desktop/FYP/FYP Draft/Code/logfile.log"
Gurobi Optimizer version 11.0.1 build v11.0.1rc0 (mac64[rosetta2] - Darwin 21.6.0 21G531)

CPU model: Apple M1 Pro
Thread count: 10 physical cores, 10 logical processors, using up to 10 threads

Optimize a model with 0 rows, 25 columns and 0 nonzeros
Model fingerprint: 0x6da5bf72
Model has 20 quadratic objective terms
Model has 20 quadratic constraints
Coefficient statistics:
  Matrix range     [0e+00, 0e+00]
  QMatrix range    [5e-01, 1e+00]
  QLMatrix range   [1e+00, 7e+00]
  Objective range  [2e-01, 2e+00]
  QObjective range [4e-01, 4e-01]
  Bounds range     [0e+00, 0e+00]
  RHS range        [0e+00, 0e+00]
Presolve time: 0.02s
Presolved: 121 rows, 147 columns, 410 nonzeros
Presolved model has 21 second-order cone constraints
Ordering time: 0.00s

Barrier statistics:
 Free vars  : 5
 AA' NZ     : 5.150e+03
 Factor NZ  : 5.271e+03
 Factor Ops : 3.493e+05 (less than 1 second per iteration)
 Threads    : 1

                  Objective                Residual
Iter       Primal          Dual         Primal    Dual     Compl     Time
   0   3.77000000e+01  3.77000000e+01  9.90e-03 6.37e+00  4.58e-01     0s
   1   3.69557988e+01  3.74784651e+01  1.09e-08 3.22e+00  2.28e-01     0s
   2   3.63483545e+01  3.48962558e+01  2.21e-09 1.59e+00  1.29e-01     0s
   3   2.99869800e+01  2.19382138e+01  1.37e-09 8.86e-06  5.67e-02     0s
   4   2.66239622e+01  2.43701879e+01  5.80e-11 1.53e-06  1.59e-02     0s
   5   2.63373674e+01  2.62659631e+01  5.47e-11 9.42e-08  5.03e-04     0s
   6   2.62705993e+01  2.62691135e+01  1.13e-11 1.84e-08  1.05e-05     0s
   7   2.62700095e+01  2.62699922e+01  1.68e-11 6.57e-09  1.22e-07     0s
   8   2.62700002e+01  2.62700000e+01  8.09e-10 2.08e-10  1.86e-09     0s

Barrier solved model in 8 iterations and 0.09 seconds (0.00 work units)
Optimal objective 2.62700002e+01


Gurobi 11.0.1 (mac64[rosetta2]) logging started Thu Mar 28 16:05:00 2024

Set parameter LogFile to value "/Users/zeyichen/Desktop/FYP/FYP Draft/Code/logfile.log"
Gurobi Optimizer version 11.0.1 build v11.0.1rc0 (mac64[rosetta2] - Darwin 21.6.0 21G531)

CPU model: Apple M1 Pro
Thread count: 10 physical cores, 10 logical processors, using up to 10 threads

Optimize a model with 0 rows, 25 columns and 0 nonzeros
Model fingerprint: 0x4cd66ae5
Model has 20 quadratic objective terms
Model has 20 quadratic constraints
Coefficient statistics:
  Matrix range     [0e+00, 0e+00]
  QMatrix range    [5e-01, 1e+00]
  QLMatrix range   [1e+00, 9e+00]
  Objective range  [2e-01, 2e+00]
  QObjective range [4e-01, 4e-01]
  Bounds range     [0e+00, 0e+00]
  RHS range        [0e+00, 0e+00]
Presolve time: 0.02s
Presolved: 121 rows, 147 columns, 412 nonzeros
Presolved model has 21 second-order cone constraints
Ordering time: 0.00s

Barrier statistics:
 Free vars  : 5
 AA' NZ     : 5.150e+03
 Factor NZ  : 5.271e+03
 Factor Ops : 3.493e+05 (less than 1 second per iteration)
 Threads    : 1

                  Objective                Residual
Iter       Primal          Dual         Primal    Dual     Compl     Time
   0   6.72000000e+01  6.72000000e+01  9.90e-03 1.16e+01  6.46e-02     0s
   1   6.49927262e+01  6.69927196e+01  1.32e-03 9.00e+00  4.87e-02     0s
   2   6.27345984e+01  6.66655767e+01  4.15e-04 7.82e+00  4.50e-02     0s
   3   6.53829387e+01  6.41813128e+01  3.76e-04 5.08e+00  4.30e-02     0s
   4   6.15623819e+01  6.03210329e+01  9.18e-05 6.65e-06  8.75e-03     0s
   5   6.07362682e+01  6.05806296e+01  2.63e-10 5.33e-07  1.10e-03     0s
   6   6.06286214e+01  6.06173721e+01  1.19e-10 1.29e-07  7.92e-05     0s
   7   6.06211190e+01  6.06197534e+01  4.36e-11 2.55e-09  9.62e-06     0s
   8   6.06200038e+01  6.06199843e+01  1.09e-11 6.59e-09  1.37e-07     0s
   9   6.06200004e+01  6.06199998e+01  4.00e-09 1.13e-10  4.02e-09     0s

Barrier solved model in 9 iterations and 0.09 seconds (0.00 work units)
Optimal objective 6.06200004e+01


Gurobi 11.0.1 (mac64[rosetta2]) logging started Sat Mar 30 09:17:20 2024

Set parameter LogFile to value "/Users/zeyichen/Desktop/FYP/FYP Draft/Code/logfile.log"
Gurobi Optimizer version 11.0.1 build v11.0.1rc0 (mac64[rosetta2] - Darwin 21.6.0 21G531)

CPU model: Apple M1 Pro
Thread count: 10 physical cores, 10 logical processors, using up to 10 threads

Optimize a model with 0 rows, 60 columns and 0 nonzeros
Model fingerprint: 0x9a0bfd64
Model has 380 quadratic constraints
Coefficient statistics:
  Matrix range     [0e+00, 0e+00]
  QMatrix range    [5e-04, 1e-03]
  QLMatrix range   [1e+00, 9e+01]
  Objective range  [0e+00, 0e+00]
  Bounds range     [0e+00, 0e+00]
  RHS range        [0e+00, 0e+00]
Presolve time: 0.02s
Presolved: 1520 rows, 1580 columns, 4932 nonzeros
Presolved model has 380 second-order cone constraints
Ordering time: 0.04s

Barrier statistics:
 Free vars  : 60
 AA' NZ     : 7.171e+04
 Factor NZ  : 4.780e+05 (roughly 5 MB of memory)
 Factor Ops : 2.543e+08 (less than 1 second per iteration)
 Threads    : 10

                  Objective                Residual
Iter       Primal          Dual         Primal    Dual     Compl     Time
   0   0.00000000e+00  0.00000000e+00  9.90e-03 1.00e-01  1.27e-02     0s
   1   0.00000000e+00 -3.66005026e-02  2.12e-04 3.22e-02  4.09e-03     0s
   2   0.00000000e+00 -1.67557969e-03  5.47e-09 1.25e-03  1.59e-04     0s
   3   0.00000000e+00 -1.88435144e-06  2.82e-10 1.40e-06  1.78e-07     0s
   4   0.00000000e+00 -2.07804819e-09  4.55e-13 1.55e-09  1.97e-10     0s

Barrier solved model in 4 iterations and 0.36 seconds (0.05 work units)
Optimal objective 0.00000000e+00

